2024-11-16 20:29:26,700 - common - INFO - Fetching analytics data for property ID: 463673955
2024-11-16 20:29:26,700 - common - INFO - Date range: 2024-01-01 to 2024-01-31
2024-11-16 20:29:26,700 - common - INFO - Initializing analytics data fetch for property: 463673955
2024-11-16 20:29:26,700 - common - INFO - Date range: 2024-01-01 to 2024-01-31
2024-11-16 20:29:26,701 - common - INFO - Successfully created sample dataset with multiple observations per group
2024-11-16 20:29:26,701 - common - INFO - Retrieved data with columns: ['eventName', 'totalUsers', 'sessions', 'engagedSessions', 'eventCount', 'screenPageViews', 'bounceRate', 'userEngagementDuration', 'averageSessionDuration']
2024-11-16 20:29:26,701 - common - INFO - Data shape: (15, 9)
2024-11-16 20:29:26,703 - common - INFO - Saved raw data to: anova_report/raw_data.csv
2024-11-16 20:29:26,716 - common - INFO - Cleaned data:      eventName  totalUsers  sessions  engagedSessions  eventCount  screenPageViews  bounceRate  userEngagementDuration  averageSessionDuration
0    page_view         168       281              118         938              938        0.58                       0                   73.62
1    page_view         165       278              115         935              935        0.57                       0                   73.60
2    page_view         170       284              121         941              941        0.59                       0                   73.64
3  first_visit         166       166               36         167                0        0.78                       0                    0.40
4  first_visit         164       164               34         165                0        0.77                       0                    0.39
2024-11-16 20:29:26,717 - common - INFO - Data types after cleaning: userEngagementDuration      int64
averageSessionDuration    float64
bounceRate                float64
eventCount                  int64
dtype: object
2024-11-16 20:29:26,717 - common - INFO - 
Analyzing userEngagementDuration
2024-11-16 20:29:26,728 - common - INFO - Cleaned data:      eventName  totalUsers  sessions  engagedSessions  eventCount  screenPageViews  bounceRate  userEngagementDuration  averageSessionDuration
0    page_view         168       281              118         938              938        0.58                       0                   73.62
1    page_view         165       278              115         935              935        0.57                       0                   73.60
2    page_view         170       284              121         941              941        0.59                       0                   73.64
3  first_visit         166       166               36         167                0        0.78                       0                    0.40
4  first_visit         164       164               34         165                0        0.77                       0                    0.39
2024-11-16 20:29:26,729 - common - INFO - Data types after cleaning: userEngagementDuration      int64
averageSessionDuration    float64
bounceRate                float64
eventCount                  int64
dtype: object
2024-11-16 20:29:27,061 - common - INFO - 
Analyzing averageSessionDuration
2024-11-16 20:29:27,077 - common - INFO - Cleaned data:      eventName  totalUsers  sessions  engagedSessions  eventCount  screenPageViews  bounceRate  userEngagementDuration  averageSessionDuration
0    page_view         168       281              118         938              938        0.58                       0                   73.62
1    page_view         165       278              115         935              935        0.57                       0                   73.60
2    page_view         170       284              121         941              941        0.59                       0                   73.64
3  first_visit         166       166               36         167                0        0.78                       0                    0.40
4  first_visit         164       164               34         165                0        0.77                       0                    0.39
2024-11-16 20:29:27,078 - common - INFO - Data types after cleaning: userEngagementDuration      int64
averageSessionDuration    float64
bounceRate                float64
eventCount                  int64
dtype: object
2024-11-16 20:29:27,434 - common - INFO - 
Analyzing bounceRate
2024-11-16 20:29:27,447 - common - INFO - Cleaned data:      eventName  totalUsers  sessions  engagedSessions  eventCount  screenPageViews  bounceRate  userEngagementDuration  averageSessionDuration
0    page_view         168       281              118         938              938        0.58                       0                   73.62
1    page_view         165       278              115         935              935        0.57                       0                   73.60
2    page_view         170       284              121         941              941        0.59                       0                   73.64
3  first_visit         166       166               36         167                0        0.78                       0                    0.40
4  first_visit         164       164               34         165                0        0.77                       0                    0.39
2024-11-16 20:29:27,448 - common - INFO - Data types after cleaning: userEngagementDuration      int64
averageSessionDuration    float64
bounceRate                float64
eventCount                  int64
dtype: object
2024-11-16 20:29:27,828 - common - INFO - 
Analyzing eventCount
2024-11-16 20:29:27,840 - common - INFO - Cleaned data:      eventName  totalUsers  sessions  engagedSessions  eventCount  screenPageViews  bounceRate  userEngagementDuration  averageSessionDuration
0    page_view         168       281              118         938              938        0.58                       0                   73.62
1    page_view         165       278              115         935              935        0.57                       0                   73.60
2    page_view         170       284              121         941              941        0.59                       0                   73.64
3  first_visit         166       166               36         167                0        0.78                       0                    0.40
4  first_visit         164       164               34         165                0        0.77                       0                    0.39
2024-11-16 20:29:27,841 - common - INFO - Data types after cleaning: userEngagementDuration      int64
averageSessionDuration    float64
bounceRate                float64
eventCount                  int64
dtype: object
2024-11-16 20:29:28,237 - common - INFO - ANOVA report generated successfully
